Using pre-set license
Built from '2020.3/staging' branch; Version is '2020.3.9f1 (108be757e447) revision 1084391'; Using compiler version '192528614'; Build Type 'Release'
OS: 'Windows 10 Home; OS build 19044.1706; Version 2009; 64bit' Language: 'ko' Physical Memory: 8105 MB
BatchMode: 1, IsHumanControllingUs: 0, StartBugReporterOnCrash: 0, Is64bit: 1, IsPro: 0

 COMMAND LINE ARGUMENTS:
C:\Program Files\Unity\Hub\Editor\2020.3.9f1\Editor\Unity.exe
-adb2
-batchMode
-noUpm
-name
AssetImportWorker1
-projectPath
D:/UnityWorkPlace/MoYeoRaDongAri
-logFile
Logs/AssetImportWorker1.log
-srvPort
54881
Successfully changed project path to: D:/UnityWorkPlace/MoYeoRaDongAri
D:/UnityWorkPlace/MoYeoRaDongAri
Using Asset Import Pipeline V2.
Refreshing native plugins compatible for Editor in 91.88 ms, found 18 plugins.
Preloading 0 native plugins for Editor in 0.00 ms.
Initialize engine version: 2020.3.9f1 (108be757e447)
[Subsystems] Discovering subsystems at path C:/Program Files/Unity/Hub/Editor/2020.3.9f1/Editor/Data/Resources/UnitySubsystems
[Subsystems] Discovering subsystems at path D:/UnityWorkPlace/MoYeoRaDongAri/Assets
GfxDevice: creating device client; threaded=0
Direct3D:
    Version:  Direct3D 11.0 [level 11.1]
    Renderer: NVIDIA GeForce GTX 1050 (ID=0x1c8d)
    Vendor:   
    VRAM:     4021 MB
    Driver:   27.21.14.6663
Initialize mono
Mono path[0] = 'C:/Program Files/Unity/Hub/Editor/2020.3.9f1/Editor/Data/Managed'
Mono path[1] = 'C:/Program Files/Unity/Hub/Editor/2020.3.9f1/Editor/Data/MonoBleedingEdge/lib/mono/unityjit'
Mono config path = 'C:/Program Files/Unity/Hub/Editor/2020.3.9f1/Editor/Data/MonoBleedingEdge/etc'
Using monoOptions --debugger-agent=transport=dt_socket,embedding=1,server=y,suspend=n,address=127.0.0.1:56128
Begin MonoManager ReloadAssembly
Registering precompiled unity dll's ...
Trying to register platform support module: C:/Program Files/Unity/Hub/Editor/2020.3.9f1/Editor/Data/PlaybackEngines/MacStandaloneSupport/UnityEditor.OSXStandalone.Extensions.dll (that doesn't exist). Retrying without overrides.
Platform support module is not available: C:/Program Files/Unity/Hub/Editor/2020.3.9f1/Editor/Data/PlaybackEngines/MacStandaloneSupport/UnityEditor.OSXStandalone.Extensions.dll
Register platform support module: C:/Program Files/Unity/Hub/Editor/2020.3.9f1/Editor/Data/PlaybackEngines/WindowsStandaloneSupport/UnityEditor.WindowsStandalone.Extensions.dll
Register platform support module: C:/Program Files/Unity/Hub/Editor/2020.3.9f1/Editor/Data/PlaybackEngines/LinuxStandaloneSupport/UnityEditor.LinuxStandalone.Extensions.dll
Registered in 0.004010 seconds.
Native extension for LinuxStandalone target not found
Native extension for WindowsStandalone target not found
Refreshing native plugins compatible for Editor in 86.18 ms, found 18 plugins.
Preloading 0 native plugins for Editor in 0.00 ms.
Mono: successfully reloaded assembly
- Completed reload, in  3.170 seconds
Platform modules already initialized, skipping
Registering precompiled user dll's ...
Registered in 0.008403 seconds.
Begin MonoManager ReloadAssembly
Native extension for LinuxStandalone target not found
Native extension for WindowsStandalone target not found
Refreshing native plugins compatible for Editor in 57.53 ms, found 18 plugins.
Preloading 0 native plugins for Editor in 0.00 ms.
Mono: successfully reloaded assembly
- Completed reload, in  5.281 seconds
Platform modules already initialized, skipping
========================================================================
Worker process is ready to serve import requests
Launched and connected shader compiler UnityShaderCompiler.exe after 0.11 seconds
Refreshing native plugins compatible for Editor in 1.16 ms, found 18 plugins.
Preloading 0 native plugins for Editor in 0.00 ms.
Unloading 2197 Unused Serialized files (Serialized files now loaded: 0)
System memory in use before: 122.8 MB.
System memory in use after: 122.8 MB.

Unloading 57 unused Assets to reduce memory usage. Loaded Objects now: 2623.
Total: 3.913100 ms (FindLiveObjects: 0.489300 ms CreateObjectMapping: 0.267900 ms MarkObjects: 2.743300 ms  DeleteObjects: 0.409800 ms)

========================================================================
Received Import Request.
  path: Assets/Tiny_Toony_City_Demo/PolygonBlacksmith/TT_Citizens_demo/prefabs
  artifactKey: Guid(cbe865f6872ee3547a3994c71343fd8b) Importer(815301076,1909f56bfc062723c751e8b465ee728b)
Start importing Assets/Tiny_Toony_City_Demo/PolygonBlacksmith/TT_Citizens_demo/prefabs using Guid(cbe865f6872ee3547a3994c71343fd8b) Importer(815301076,1909f56bfc062723c751e8b465ee728b)  -> (artifact id: 'b2d3877fbb8e14c28b91966424b82d9d') in 0.016740 seconds
  Import took 0.064212 seconds .

========================================================================
Received Import Request.
  Time since last request: 0.000397 seconds.
  path: Assets/StarterAssets/ThirdPersonController/Character/Models
  artifactKey: Guid(f99c02f4392c29d4dad06bad32b0bfb1) Importer(815301076,1909f56bfc062723c751e8b465ee728b)
Start importing Assets/StarterAssets/ThirdPersonController/Character/Models using Guid(f99c02f4392c29d4dad06bad32b0bfb1) Importer(815301076,1909f56bfc062723c751e8b465ee728b)  -> (artifact id: '3e01279d92c60e5f7261bc448b5d99b8') in 0.008730 seconds
  Import took 0.079579 seconds .

========================================================================
Received Import Request.
  Time since last request: 0.000665 seconds.
  path: Assets/Tiny_Toony_City_Demo/PolygonBlacksmith/TT_Citizens_demo/models
  artifactKey: Guid(e20ae92911ce1af44a7a173c1295f6bd) Importer(815301076,1909f56bfc062723c751e8b465ee728b)
Start importing Assets/Tiny_Toony_City_Demo/PolygonBlacksmith/TT_Citizens_demo/models using Guid(e20ae92911ce1af44a7a173c1295f6bd) Importer(815301076,1909f56bfc062723c751e8b465ee728b)  -> (artifact id: '59fc4671f94ddd88312b8b44db2e95c8') in 0.010367 seconds
  Import took 0.053102 seconds .

========================================================================
Received Prepare
Registering precompiled user dll's ...
Registered in 0.017097 seconds.
Begin MonoManager ReloadAssembly
Native extension for LinuxStandalone target not found
Native extension for WindowsStandalone target not found
Refreshing native plugins compatible for Editor in 0.94 ms, found 18 plugins.
Preloading 0 native plugins for Editor in 0.00 ms.
Mono: successfully reloaded assembly
- Completed reload, in  1.568 seconds
Platform modules already initialized, skipping
Switching build target platform(19) subTarget(0) extendedPlatform(0) -> platform(13) subTarget(537395200) extendedPlatform(0)
Refreshing native plugins compatible for Editor in 0.99 ms, found 18 plugins.
Preloading 0 native plugins for Editor in 0.00 ms.
Unloading 2160 Unused Serialized files (Serialized files now loaded: 0)
System memory in use before: 118.9 MB.
System memory in use after: 119.0 MB.

Unloading 50 unused Assets to reduce memory usage. Loaded Objects now: 2627.
Total: 4.968300 ms (FindLiveObjects: 0.404700 ms CreateObjectMapping: 0.291400 ms MarkObjects: 4.111200 ms  DeleteObjects: 0.158700 ms)

AssetImportParameters requested are different than current active one (requested -> active):
  custom:graphics/normal-map-encoding: 01000000000000000000000000000000 -> 02000000000000000000000000000000
========================================================================
Received Import Request.
  Time since last request: 3172.285818 seconds.
  path: Assets/Phoster/chosun.png
  artifactKey: Guid(9b71f21797e02e043b5a8722582787cf) Importer(815301076,1909f56bfc062723c751e8b465ee728b)
Start importing Assets/Phoster/chosun.png using Guid(9b71f21797e02e043b5a8722582787cf) Importer(815301076,1909f56bfc062723c751e8b465ee728b)  -> (artifact id: 'ec9f63718c2e550a4890ea11ca25f2f1') in 0.328813 seconds
  Import took 0.420876 seconds .

========================================================================
Received Import Request.
  Time since last request: 0.000408 seconds.
  path: Assets/Phoster/shock.png
  artifactKey: Guid(31a46c3215cb5f546813d394e42e5966) Importer(815301076,1909f56bfc062723c751e8b465ee728b)
Start importing Assets/Phoster/shock.png using Guid(31a46c3215cb5f546813d394e42e5966) Importer(815301076,1909f56bfc062723c751e8b465ee728b)  -> (artifact id: '5b5b407cc1c6e376d2e54f23d4e8338b') in 0.019454 seconds
  Import took 0.085509 seconds .

========================================================================
Received Import Request.
  Time since last request: 0.000356 seconds.
  path: Assets/Phoster/chosunLogo.png
  artifactKey: Guid(811c2538b716b1642ab51ceae0c9057d) Importer(815301076,1909f56bfc062723c751e8b465ee728b)
Start importing Assets/Phoster/chosunLogo.png using Guid(811c2538b716b1642ab51ceae0c9057d) Importer(815301076,1909f56bfc062723c751e8b465ee728b)  -> (artifact id: '8e5092d07c7d7df08edd4236f8be39e8') in 0.019124 seconds
  Import took 0.050999 seconds .

========================================================================
Received Import Request.
  Time since last request: 0.000691 seconds.
  path: Assets/Phoster/moyera.png
  artifactKey: Guid(eea55250ba15275459c363f28cab5596) Importer(815301076,1909f56bfc062723c751e8b465ee728b)
Start importing Assets/Phoster/moyera.png using Guid(eea55250ba15275459c363f28cab5596) Importer(815301076,1909f56bfc062723c751e8b465ee728b)  -> (artifact id: '9143046df2a0c8d91fcbad39576a17bc') in 0.031249 seconds
  Import took 0.072734 seconds .

========================================================================
Received Import Request.
  Time since last request: 12.528541 seconds.
  path: Assets/Phoster/chongDong.jpg
  artifactKey: Guid(a63b547eb1f39fb4c9bd929f623448f8) Importer(815301076,1909f56bfc062723c751e8b465ee728b)
Start importing Assets/Phoster/chongDong.jpg using Guid(a63b547eb1f39fb4c9bd929f623448f8) Importer(815301076,1909f56bfc062723c751e8b465ee728b)  -> (artifact id: 'b443c1c8cf05510762d1c7a80a97ff09') in 0.016401 seconds
  Import took 0.173316 seconds .

========================================================================
Received Import Request.
  Time since last request: 730.109996 seconds.
  path: Assets/Tiny_Toony_City_Demo/PolygonBlacksmith/TT_Citizens_demo/animation/male/m_walk.FBX
  artifactKey: Guid(8e37fd6a8af9f1e438b8ba382b4465a7) Importer(815301076,1909f56bfc062723c751e8b465ee728b)
Start importing Assets/Tiny_Toony_City_Demo/PolygonBlacksmith/TT_Citizens_demo/animation/male/m_walk.FBX using Guid(8e37fd6a8af9f1e438b8ba382b4465a7) Importer(815301076,1909f56bfc062723c751e8b465ee728b)  -> (artifact id: '316f7f2bd85466170cc06e1c9eeaef66') in 0.028391 seconds
  Import took 0.072956 seconds .

========================================================================
Received Prepare
Registering precompiled user dll's ...
Registered in 0.025030 seconds.
Begin MonoManager ReloadAssembly
Native extension for LinuxStandalone target not found
Native extension for WindowsStandalone target not found
Refreshing native plugins compatible for Editor in 0.80 ms, found 18 plugins.
Preloading 0 native plugins for Editor in 0.00 ms.
Mono: successfully reloaded assembly
- Completed reload, in  1.191 seconds
Platform modules already initialized, skipping
Switching build target platform(19) subTarget(0) extendedPlatform(0) -> platform(13) subTarget(537395200) extendedPlatform(0)
Refreshing native plugins compatible for Editor in 0.93 ms, found 18 plugins.
Preloading 0 native plugins for Editor in 0.00 ms.
Unloading 2160 Unused Serialized files (Serialized files now loaded: 0)
System memory in use before: 119.0 MB.
System memory in use after: 119.1 MB.

Unloading 50 unused Assets to reduce memory usage. Loaded Objects now: 2634.
Total: 2.860200 ms (FindLiveObjects: 0.244200 ms CreateObjectMapping: 0.076300 ms MarkObjects: 2.370300 ms  DeleteObjects: 0.168200 ms)

AssetImportParameters requested are different than current active one (requested -> active):
  custom:graphics/normal-map-encoding: 01000000000000000000000000000000 -> 02000000000000000000000000000000
========================================================================
Received Prepare
Registering precompiled user dll's ...
Registered in 0.005497 seconds.
Begin MonoManager ReloadAssembly
Native extension for LinuxStandalone target not found
Native extension for WindowsStandalone target not found
Refreshing native plugins compatible for Editor in 0.89 ms, found 18 plugins.
Preloading 0 native plugins for Editor in 0.00 ms.
Mono: successfully reloaded assembly
- Completed reload, in  1.198 seconds
Platform modules already initialized, skipping
Switching build target platform(19) subTarget(0) extendedPlatform(0) -> platform(13) subTarget(537395200) extendedPlatform(0)
Refreshing native plugins compatible for Editor in 1.37 ms, found 18 plugins.
Preloading 0 native plugins for Editor in 0.00 ms.
Unloading 2160 Unused Serialized files (Serialized files now loaded: 0)
System memory in use before: 119.1 MB.
System memory in use after: 119.1 MB.

Unloading 50 unused Assets to reduce memory usage. Loaded Objects now: 2638.
Total: 2.958400 ms (FindLiveObjects: 0.400500 ms CreateObjectMapping: 0.140200 ms MarkObjects: 2.257400 ms  DeleteObjects: 0.158600 ms)

AssetImportParameters requested are different than current active one (requested -> active):
  custom:graphics/normal-map-encoding: 01000000000000000000000000000000 -> 02000000000000000000000000000000
========================================================================
Received Prepare
Refreshing native plugins compatible for Editor in 11.93 ms, found 18 plugins.
Preloading 0 native plugins for Editor in 0.00 ms.
Unloading 47 Unused Serialized files (Serialized files now loaded: 0)
System memory in use before: 77.9 MB.
System memory in use after: 78.0 MB.

Unloading 47 unused Assets to reduce memory usage. Loaded Objects now: 2638.
Total: 2.960600 ms (FindLiveObjects: 0.246800 ms CreateObjectMapping: 0.100300 ms MarkObjects: 2.417900 ms  DeleteObjects: 0.194500 ms)

========================================================================
Received Prepare
Registering precompiled user dll's ...
Registered in 0.019601 seconds.
Begin MonoManager ReloadAssembly
Native extension for LinuxStandalone target not found
Native extension for WindowsStandalone target not found
Refreshing native plugins compatible for Editor in 0.81 ms, found 18 plugins.
Preloading 0 native plugins for Editor in 0.00 ms.
Mono: successfully reloaded assembly
- Completed reload, in  1.061 seconds
Platform modules already initialized, skipping
Switching build target platform(19) subTarget(0) extendedPlatform(0) -> platform(13) subTarget(537395200) extendedPlatform(0)
Refreshing native plugins compatible for Editor in 0.79 ms, found 18 plugins.
Preloading 0 native plugins for Editor in 0.00 ms.
Unloading 2160 Unused Serialized files (Serialized files now loaded: 0)
System memory in use before: 119.1 MB.
System memory in use after: 119.1 MB.

Unloading 50 unused Assets to reduce memory usage. Loaded Objects now: 2642.
Total: 2.878000 ms (FindLiveObjects: 0.247600 ms CreateObjectMapping: 0.123800 ms MarkObjects: 2.349200 ms  DeleteObjects: 0.156400 ms)

AssetImportParameters requested are different than current active one (requested -> active):
  custom:graphics/normal-map-encoding: 01000000000000000000000000000000 -> 02000000000000000000000000000000
========================================================================
Received Import Request.
  Time since last request: 1986.544277 seconds.
  path: Assets/Phoster/Screenshot_20220605-230923.png
  artifactKey: Guid(b28b51a4afcd1864fb479351933d5127) Importer(815301076,1909f56bfc062723c751e8b465ee728b)
Start importing Assets/Phoster/Screenshot_20220605-230923.png using Guid(b28b51a4afcd1864fb479351933d5127) Importer(815301076,1909f56bfc062723c751e8b465ee728b)  -> (artifact id: '93d43a2be1b9c558fe15cc67f51ccdf3') in 0.146019 seconds
  Import took 0.173881 seconds .

========================================================================
Received Import Request.
  Time since last request: 0.187776 seconds.
  path: Assets/Phoster/Screenshot_20220605-230923.png
  artifactKey: Guid(b28b51a4afcd1864fb479351933d5127) Importer(815301076,1909f56bfc062723c751e8b465ee728b)
Start importing Assets/Phoster/Screenshot_20220605-230923.png using Guid(b28b51a4afcd1864fb479351933d5127) Importer(815301076,1909f56bfc062723c751e8b465ee728b)  -> (artifact id: '93d43a2be1b9c558fe15cc67f51ccdf3') in 0.042567 seconds
  Import took 0.046436 seconds .

========================================================================
Received Prepare
Registering precompiled user dll's ...
Registered in 0.005243 seconds.
Begin MonoManager ReloadAssembly
Native extension for LinuxStandalone target not found
Native extension for WindowsStandalone target not found
Refreshing native plugins compatible for Editor in 0.74 ms, found 18 plugins.
Preloading 0 native plugins for Editor in 0.00 ms.
Mono: successfully reloaded assembly
- Completed reload, in  1.054 seconds
Platform modules already initialized, skipping
Switching build target platform(19) subTarget(0) extendedPlatform(0) -> platform(13) subTarget(537395200) extendedPlatform(0)
Refreshing native plugins compatible for Editor in 0.85 ms, found 18 plugins.
Preloading 0 native plugins for Editor in 0.00 ms.
Unloading 2160 Unused Serialized files (Serialized files now loaded: 0)
System memory in use before: 119.0 MB.
System memory in use after: 119.1 MB.

Unloading 50 unused Assets to reduce memory usage. Loaded Objects now: 2646.
Total: 2.573300 ms (FindLiveObjects: 0.213600 ms CreateObjectMapping: 0.084000 ms MarkObjects: 2.100600 ms  DeleteObjects: 0.174100 ms)

AssetImportParameters requested are different than current active one (requested -> active):
  custom:graphics/normal-map-encoding: 01000000000000000000000000000000 -> 02000000000000000000000000000000
========================================================================
Received Import Request.
  Time since last request: 225.084750 seconds.
  path: Assets/Scenes/Main_Scene.unity
  artifactKey: Guid(b32f9224a7f8a6f4eb5a631e4ece1fa9) Importer(815301076,1909f56bfc062723c751e8b465ee728b)
Start importing Assets/Scenes/Main_Scene.unity using Guid(b32f9224a7f8a6f4eb5a631e4ece1fa9) Importer(815301076,1909f56bfc062723c751e8b465ee728b)  -> (artifact id: '665a22267a20991259366fca77097825') in 0.123130 seconds
  Import took 0.146355 seconds .

========================================================================
Received Import Request.
  Time since last request: 193.097430 seconds.
  path: Assets/Phoster/Materials/moyera.mat
  artifactKey: Guid(47aead787c4b6be44b3e7637ff615e68) Importer(815301076,1909f56bfc062723c751e8b465ee728b)
Start importing Assets/Phoster/Materials/moyera.mat using Guid(47aead787c4b6be44b3e7637ff615e68) Importer(815301076,1909f56bfc062723c751e8b465ee728b)  -> (artifact id: 'f9fb80daf10edd38a3a63944375aaae3') in 0.239889 seconds
  Import took 0.260519 seconds .

========================================================================
Received Import Request.
  Time since last request: 8.421139 seconds.
  path: Assets/Phoster/Materials/chosunLogo.mat
  artifactKey: Guid(8e22779d08993f245bc45c2d5e27b317) Importer(815301076,1909f56bfc062723c751e8b465ee728b)
Start importing Assets/Phoster/Materials/chosunLogo.mat using Guid(8e22779d08993f245bc45c2d5e27b317) Importer(815301076,1909f56bfc062723c751e8b465ee728b)  -> (artifact id: '585ffd37f37beb73b27cc2003fa31568') in 0.047101 seconds
  Import took 0.150903 seconds .

========================================================================
Received Import Request.
  Time since last request: 0.000669 seconds.
  path: Assets/Phoster/Materials/chongDong.mat
  artifactKey: Guid(15f849f84fe327d49b062c3e54ad1c8f) Importer(815301076,1909f56bfc062723c751e8b465ee728b)
Start importing Assets/Phoster/Materials/chongDong.mat using Guid(15f849f84fe327d49b062c3e54ad1c8f) Importer(815301076,1909f56bfc062723c751e8b465ee728b)  -> (artifact id: '41cb8e112edde51d2139760ace9dd78a') in 0.039833 seconds
  Import took 0.083006 seconds .

========================================================================
Received Import Request.
  Time since last request: 0.000455 seconds.
  path: Assets/Phoster/Materials/chosun.mat
  artifactKey: Guid(c3747867519871341b605ed9bc4f2fd6) Importer(815301076,1909f56bfc062723c751e8b465ee728b)
Start importing Assets/Phoster/Materials/chosun.mat using Guid(c3747867519871341b605ed9bc4f2fd6) Importer(815301076,1909f56bfc062723c751e8b465ee728b)  -> (artifact id: '64d61d44294c1fb3e1cb9344bb7813af') in 0.024770 seconds
  Import took 0.062909 seconds .

========================================================================
Received Import Request.
  Time since last request: 270.503328 seconds.
  path: Assets/Phoster/wall.png
  artifactKey: Guid(53592cf372b277d4681918220ee04f2b) Importer(815301076,1909f56bfc062723c751e8b465ee728b)
Start importing Assets/Phoster/wall.png using Guid(53592cf372b277d4681918220ee04f2b) Importer(815301076,1909f56bfc062723c751e8b465ee728b)  -> (artifact id: '66e95c1fe77ebe30cce6ed1e3b818861') in 0.042320 seconds
  Import took 0.054334 seconds .

========================================================================
Received Import Request.
  Time since last request: 41.098923 seconds.
  path: Assets/Material Palette.asset
  artifactKey: Guid(713332e08cc576d48b36d52931d0a8c0) Importer(815301076,1909f56bfc062723c751e8b465ee728b)
Start importing Assets/Material Palette.asset using Guid(713332e08cc576d48b36d52931d0a8c0) Importer(815301076,1909f56bfc062723c751e8b465ee728b)  -> (artifact id: '463e77c3fe27d194ffeae087eaf6ed95') in 0.019871 seconds
  Import took 0.041949 seconds .

========================================================================
Received Import Request.
  Time since last request: 0.009556 seconds.
  path: Assets/Material Palette.asset
  artifactKey: Guid(713332e08cc576d48b36d52931d0a8c0) Importer(815301076,1909f56bfc062723c751e8b465ee728b)
Start importing Assets/Material Palette.asset using Guid(713332e08cc576d48b36d52931d0a8c0) Importer(815301076,1909f56bfc062723c751e8b465ee728b)  -> (artifact id: '463e77c3fe27d194ffeae087eaf6ed95') in 0.003240 seconds
  Import took 0.008282 seconds .

========================================================================
Received Import Request.
  Time since last request: 61.807747 seconds.
  path: Assets/Phoster/wall.mat
  artifactKey: Guid(5e6666403997b114fb4b212521ad2045) Importer(815301076,1909f56bfc062723c751e8b465ee728b)
Start importing Assets/Phoster/wall.mat using Guid(5e6666403997b114fb4b212521ad2045) Importer(815301076,1909f56bfc062723c751e8b465ee728b)  -> (artifact id: 'fa94a6a070c798af0d9a820864c54078') in 0.036517 seconds
  Import took 0.048900 seconds .

========================================================================
Received Import Request.
  Time since last request: 35.154949 seconds.
  path: Assets/TextMesh Pro/Sprites/EmojiOne.png
  artifactKey: Guid(dffef66376be4fa480fb02b19edbe903) Importer(815301076,1909f56bfc062723c751e8b465ee728b)
Start importing Assets/TextMesh Pro/Sprites/EmojiOne.png using Guid(dffef66376be4fa480fb02b19edbe903) Importer(815301076,1909f56bfc062723c751e8b465ee728b)  -> (artifact id: '63e19380c3b9e6ca140fcf230679c936') in 0.160312 seconds
  Import took 0.186538 seconds .

========================================================================
Received Import Request.
  Time since last request: 0.151475 seconds.
  path: Assets/Photon/PhotonUnityNetworking/Code/Editor/help.png
  artifactKey: Guid(9f1212502533cb34188dd6ef094188cb) Importer(815301076,1909f56bfc062723c751e8b465ee728b)
Start importing Assets/Photon/PhotonUnityNetworking/Code/Editor/help.png using Guid(9f1212502533cb34188dd6ef094188cb) Importer(815301076,1909f56bfc062723c751e8b465ee728b)  -> (artifact id: '26e3b8adee30c734d99f0a8ac18bae60') in 0.182408 seconds
  Import took 0.233399 seconds .

========================================================================
Received Import Request.
  Time since last request: 0.001758 seconds.
  path: Assets/Photon/PhotonUnityNetworking/Code/Editor/help.png
  artifactKey: Guid(9f1212502533cb34188dd6ef094188cb) Importer(815301076,1909f56bfc062723c751e8b465ee728b)
Start importing Assets/Photon/PhotonUnityNetworking/Code/Editor/help.png using Guid(9f1212502533cb34188dd6ef094188cb) Importer(815301076,1909f56bfc062723c751e8b465ee728b)  -> (artifact id: '26e3b8adee30c734d99f0a8ac18bae60') in 0.009199 seconds
  Import took 0.013361 seconds .

========================================================================
Received Import Request.
  Time since last request: 0.950927 seconds.
  path: Assets/Photon/PhotonUnityNetworking/Code/Editor/PunGradient.png
  artifactKey: Guid(1faa1cf0448470c4ebbb23b97759ab50) Importer(815301076,1909f56bfc062723c751e8b465ee728b)
Start importing Assets/Photon/PhotonUnityNetworking/Code/Editor/PunGradient.png using Guid(1faa1cf0448470c4ebbb23b97759ab50) Importer(815301076,1909f56bfc062723c751e8b465ee728b)  -> (artifact id: '3ee47b8f2fb6dbabca893a0398958334') in 0.071638 seconds
  Import took 0.085723 seconds .

========================================================================
Received Import Request.
  Time since last request: 0.219005 seconds.
  path: Assets/Tiny_Toony_City_Demo/Textures/T_Cars_Demo.tga
  artifactKey: Guid(6374cc3bb4fbf5c4e84e3392d170f6a8) Importer(815301076,1909f56bfc062723c751e8b465ee728b)
Start importing Assets/Tiny_Toony_City_Demo/Textures/T_Cars_Demo.tga using Guid(6374cc3bb4fbf5c4e84e3392d170f6a8) Importer(815301076,1909f56bfc062723c751e8b465ee728b)  -> (artifact id: 'f6757543d4ce9b5a2f95666b1354221f') in 0.065935 seconds
  Import took 0.081581 seconds .

========================================================================
Received Import Request.
  Time since last request: 0.000350 seconds.
  path: Assets/Tiny_Toony_City_Demo/Textures/T_City_Demo.tga
  artifactKey: Guid(192885429fbe4974fbbafa38563e959d) Importer(815301076,1909f56bfc062723c751e8b465ee728b)
Start importing Assets/Tiny_Toony_City_Demo/Textures/T_City_Demo.tga using Guid(192885429fbe4974fbbafa38563e959d) Importer(815301076,1909f56bfc062723c751e8b465ee728b)  -> (artifact id: '6c4fed07f99a708d1a767f1282533977') in 0.059446 seconds
  Import took 0.074367 seconds .

========================================================================
Received Prepare
Registering precompiled user dll's ...
Registered in 0.005977 seconds.
Begin MonoManager ReloadAssembly
Native extension for LinuxStandalone target not found
Native extension for WindowsStandalone target not found
Refreshing native plugins compatible for Editor in 0.99 ms, found 18 plugins.
Preloading 0 native plugins for Editor in 0.00 ms.
Mono: successfully reloaded assembly
- Completed reload, in  1.255 seconds
Platform modules already initialized, skipping
Switching build target platform(19) subTarget(0) extendedPlatform(0) -> platform(13) subTarget(537395200) extendedPlatform(0)
Refreshing native plugins compatible for Editor in 0.83 ms, found 18 plugins.
Preloading 0 native plugins for Editor in 0.00 ms.
Unloading 2160 Unused Serialized files (Serialized files now loaded: 0)
System memory in use before: 122.4 MB.
System memory in use after: 122.5 MB.

Unloading 50 unused Assets to reduce memory usage. Loaded Objects now: 2691.
Total: 2.867500 ms (FindLiveObjects: 0.216600 ms CreateObjectMapping: 0.091000 ms MarkObjects: 2.398900 ms  DeleteObjects: 0.160100 ms)

AssetImportParameters requested are different than current active one (requested -> active):
  custom:graphics/normal-map-encoding: 01000000000000000000000000000000 -> 02000000000000000000000000000000
========================================================================
Received Import Request.
  Time since last request: 1113.822571 seconds.
  path: Assets/Phoster/MainBackground.png
  artifactKey: Guid(41470da30f2f51e408a76c4a1e2621dd) Importer(815301076,1909f56bfc062723c751e8b465ee728b)
Start importing Assets/Phoster/MainBackground.png using Guid(41470da30f2f51e408a76c4a1e2621dd) Importer(815301076,1909f56bfc062723c751e8b465ee728b)  -> (artifact id: '959a197eed8284691bdccbef3332ef5d') in 0.084044 seconds
  Import took 0.108312 seconds .

========================================================================
Received Import Request.
  Time since last request: 171.297262 seconds.
  path: Assets/Phoster/MainBack.png
  artifactKey: Guid(8d143554667566a41b3c09d01d944000) Importer(815301076,1909f56bfc062723c751e8b465ee728b)
Start importing Assets/Phoster/MainBack.png using Guid(8d143554667566a41b3c09d01d944000) Importer(815301076,1909f56bfc062723c751e8b465ee728b)  -> (artifact id: 'ee9b8a979c8900aab0698bf2d40ac0fa') in 0.043154 seconds
  Import took 0.113464 seconds .

========================================================================
Received Import Request.
  Time since last request: 39.138468 seconds.
  path: Assets/Scenes/Luancher.unity
  artifactKey: Guid(9fc0d4010bbf28b4594072e72b8655ab) Importer(815301076,1909f56bfc062723c751e8b465ee728b)
Start importing Assets/Scenes/Luancher.unity using Guid(9fc0d4010bbf28b4594072e72b8655ab) Importer(815301076,1909f56bfc062723c751e8b465ee728b)  -> (artifact id: '03b91258c491dd2cfbc8454eadc32bc4') in 0.119026 seconds
  Import took 0.131927 seconds .

========================================================================
Received Prepare
Registering precompiled user dll's ...
Registered in 0.004476 seconds.
Begin MonoManager ReloadAssembly
Native extension for LinuxStandalone target not found
Native extension for WindowsStandalone target not found
Refreshing native plugins compatible for Editor in 0.83 ms, found 18 plugins.
Preloading 0 native plugins for Editor in 0.00 ms.
Mono: successfully reloaded assembly
- Completed reload, in  1.033 seconds
Platform modules already initialized, skipping
Switching build target platform(19) subTarget(0) extendedPlatform(0) -> platform(13) subTarget(537395200) extendedPlatform(0)
Refreshing native plugins compatible for Editor in 1.31 ms, found 18 plugins.
Preloading 0 native plugins for Editor in 0.00 ms.
Unloading 2160 Unused Serialized files (Serialized files now loaded: 0)
System memory in use before: 122.4 MB.
System memory in use after: 122.6 MB.

Unloading 50 unused Assets to reduce memory usage. Loaded Objects now: 2695.
Total: 11.434400 ms (FindLiveObjects: 0.283000 ms CreateObjectMapping: 0.143000 ms MarkObjects: 2.647700 ms  DeleteObjects: 8.359000 ms)

AssetImportParameters requested are different than current active one (requested -> active):
  custom:graphics/normal-map-encoding: 01000000000000000000000000000000 -> 02000000000000000000000000000000
========================================================================
Received Prepare
Registering precompiled user dll's ...
Registered in 0.006499 seconds.
Begin MonoManager ReloadAssembly
Native extension for LinuxStandalone target not found
Native extension for WindowsStandalone target not found
Refreshing native plugins compatible for Editor in 1.00 ms, found 18 plugins.
Preloading 0 native plugins for Editor in 0.00 ms.
Mono: successfully reloaded assembly
- Completed reload, in  1.163 seconds
Platform modules already initialized, skipping
Switching build target platform(19) subTarget(0) extendedPlatform(0) -> platform(13) subTarget(537395200) extendedPlatform(0)
Refreshing native plugins compatible for Editor in 0.76 ms, found 18 plugins.
Preloading 0 native plugins for Editor in 0.00 ms.
Unloading 2160 Unused Serialized files (Serialized files now loaded: 0)
System memory in use before: 122.4 MB.
System memory in use after: 122.6 MB.

Unloading 50 unused Assets to reduce memory usage. Loaded Objects now: 2699.
Total: 2.567400 ms (FindLiveObjects: 0.238600 ms CreateObjectMapping: 0.100900 ms MarkObjects: 2.045400 ms  DeleteObjects: 0.181300 ms)

AssetImportParameters requested are different than current active one (requested -> active):
  custom:graphics/normal-map-encoding: 01000000000000000000000000000000 -> 02000000000000000000000000000000
========================================================================
Received Prepare
Refreshing native plugins compatible for Editor in 15.93 ms, found 18 plugins.
Preloading 0 native plugins for Editor in 0.00 ms.
Unloading 47 Unused Serialized files (Serialized files now loaded: 0)
System memory in use before: 81.3 MB.
System memory in use after: 81.4 MB.

Unloading 47 unused Assets to reduce memory usage. Loaded Objects now: 2699.
Total: 2.992500 ms (FindLiveObjects: 0.264300 ms CreateObjectMapping: 0.122500 ms MarkObjects: 2.449400 ms  DeleteObjects: 0.155000 ms)

========================================================================
Received Prepare
Registering precompiled user dll's ...
Registered in 0.038999 seconds.
Begin MonoManager ReloadAssembly
Native extension for LinuxStandalone target not found
Native extension for WindowsStandalone target not found
Refreshing native plugins compatible for Editor in 1.56 ms, found 18 plugins.
Preloading 0 native plugins for Editor in 0.00 ms.
Mono: successfully reloaded assembly
- Completed reload, in  1.790 seconds
Platform modules already initialized, skipping
Switching build target platform(19) subTarget(0) extendedPlatform(0) -> platform(13) subTarget(537395200) extendedPlatform(0)
Refreshing native plugins compatible for Editor in 3.77 ms, found 18 plugins.
Preloading 0 native plugins for Editor in 0.00 ms.
Unloading 2160 Unused Serialized files (Serialized files now loaded: 0)
System memory in use before: 122.4 MB.
System memory in use after: 122.6 MB.

Unloading 50 unused Assets to reduce memory usage. Loaded Objects now: 2703.
Total: 9.821900 ms (FindLiveObjects: 1.701500 ms CreateObjectMapping: 1.125800 ms MarkObjects: 6.804400 ms  DeleteObjects: 0.184300 ms)

AssetImportParameters requested are different than current active one (requested -> active):
  custom:graphics/normal-map-encoding: 01000000000000000000000000000000 -> 02000000000000000000000000000000
AssetImportWorkerClient::OnTransportError - code=2 error=End of file
